<?xml version="1.0" encoding="UTF-8"?>
<!-- Generated by org.testng.reporters.JUnitReportReporter -->
<testsuite hostname="Mariya-Asus" name="com.test.automation.searchapi.SearchTermTest" tests="3" failures="0" timestamp="1 Feb 2017 06:31:04 GMT" time="1.561" errors="0">
  <testcase name="negativeTest" time="0.418" classname="com.test.automation.searchapi.SearchTermTest"/>
  <testcase name="negativeTest" time="0.867" classname="com.test.automation.searchapi.SearchTermTest"/>
  <testcase name="positiveTest" time="0.276" classname="com.test.automation.searchapi.SearchTermTest"/>
</testsuite> <!-- com.test.automation.searchapi.SearchTermTest -->
