<?xml version="1.0" encoding="UTF-8"?>
<!-- Generated by org.testng.reporters.JUnitReportReporter -->
<testsuite hostname="Mariya-Asus" name="com.test.automation.searchapi.SearchCountryTest" tests="4" failures="0" timestamp="1 Feb 2017 06:17:36 GMT" time="2.837" errors="0">
  <testcase name="positiveTest" time="0.676" classname="com.test.automation.searchapi.SearchCountryTest"/>
  <testcase name="positiveTest" time="0.781" classname="com.test.automation.searchapi.SearchCountryTest"/>
  <testcase name="negativeTest" time="0.761" classname="com.test.automation.searchapi.SearchCountryTest"/>
  <testcase name="positiveTest" time="0.619" classname="com.test.automation.searchapi.SearchCountryTest"/>
</testsuite> <!-- com.test.automation.searchapi.SearchCountryTest -->
