<?xml version="1.0" encoding="UTF-8"?>
<!-- Generated by org.testng.reporters.JUnitReportReporter -->
<testsuite hostname="Mariya-Asus" name="com.test.automation.searchapi.SearchMediaTest" tests="5" failures="0" timestamp="1 Feb 2017 04:46:38 GMT" time="10.834" errors="0">
  <testcase name="positiveTest" time="0.985" classname="com.test.automation.searchapi.SearchMediaTest"/>
  <testcase name="positiveTest" time="1.140" classname="com.test.automation.searchapi.SearchMediaTest"/>
  <testcase name="negativeTest" time="2.797" classname="com.test.automation.searchapi.SearchMediaTest"/>
  <testcase name="positiveTest" time="2.672" classname="com.test.automation.searchapi.SearchMediaTest"/>
  <testcase name="positiveTest" time="3.240" classname="com.test.automation.searchapi.SearchMediaTest"/>
</testsuite> <!-- com.test.automation.searchapi.SearchMediaTest -->
